This is pdfTeX, Version 3.141592653-2.6-1.40.27 (TeX Live 2025) (preloaded format=pdflatex 2025.4.18)  7 JUL 2026 20:31
entering extended mode
 restricted \write18 enabled.
 %&-line parsing enabled.
**[dot].tex
(./[dot].tex
LaTeX2e <2024-11-01> patch level 2
L3 programming layer <2025-03-26>
(/usr/local/texlive/2025/texmf-dist/tex/latex/base/book.cls
Document Class: book 2024/06/29 v1.4n Standard LaTeX document class
(/usr/local/texlive/2025/texmf-dist/tex/latex/base/bk12.clo
File: bk12.clo 2024/06/29 v1.4n Standard LaTeX file (size option)
)
\c@part=\count197
\c@chapter=\count198
\c@section=\count199
\c@subsection=\count266
\c@subsubsection=\count267
\c@paragraph=\count268
\c@subparagraph=\count269
\c@figure=\count270
\c@table=\count271
\abovecaptionskip=\skip49
\belowcaptionskip=\skip50
\bibindent=\dimen146
)
(/usr/local/texlive/2025/texmf-dist/tex/latex/base/fontenc.sty
Package: fontenc 2021/04/29 v2.0v Standard LaTeX package
)
(/usr/local/texlive/2025/texmf-dist/tex/latex/base/inputenc.sty
Package: inputenc 2024/02/08 v1.3d Input encoding file
\inpenc@prehook=\toks17
\inpenc@posthook=\toks18
)
(/usr/local/texlive/2025/texmf-dist/tex/latex/geometry/geometry.sty
Package: geometry 2020/01/02 v5.9 Page Geometry

(/usr/local/texlive/2025/texmf-dist/tex/latex/graphics/keyval.sty
Package: keyval 2022/05/29 v1.15 key=value parser (DPC)
\KV@toks@=\toks19
)
(/usr/local/texlive/2025/texmf-dist/tex/generic/iftex/ifvtex.sty
Package: ifvtex 2019/10/25 v1.7 ifvtex legacy package. Use iftex instead.

(/usr/local/texlive/2025/texmf-dist/tex/generic/iftex/iftex.sty
Package: iftex 2024/12/12 v1.0g TeX engine tests
))
\Gm@cnth=\count272
\Gm@cntv=\count273
\c@Gm@tempcnt=\count274
\Gm@bindingoffset=\dimen147
\Gm@wd@mp=\dimen148
\Gm@odd@mp=\dimen149
\Gm@even@mp=\dimen150
\Gm@layoutwidth=\dimen151
\Gm@layoutheight=\dimen152
\Gm@layouthoffset=\dimen153
\Gm@layoutvoffset=\dimen154
\Gm@dimlist=\toks20
)
(/usr/local/texlive/2025/texmf-dist/tex/latex/setspace/setspace.sty
Package: setspace 2022/12/04 v6.7b set line spacing
)
(/usr/local/texlive/2025/texmf-dist/tex/latex/titlesec/titlesec.sty
Package: titlesec 2025/01/04 v2.17 Sectioning titles
\ttl@box=\box53
\beforetitleunit=\skip51
\aftertitleunit=\skip52
\ttl@plus=\dimen155
\ttl@minus=\dimen156
\ttl@toksa=\toks21
\titlewidth=\dimen157
\titlewidthlast=\dimen158
\titlewidthfirst=\dimen159
)
(/usr/local/texlive/2025/texmf-dist/tex/latex/lettrine/lettrine.sty
File: lettrine.sty 2025-01-30 v2.80 (Daniel Flipo)

(/usr/local/texlive/2025/texmf-dist/tex/latex/l3packages/xfp/xfp.sty
(/usr/local/texlive/2025/texmf-dist/tex/latex/l3kernel/expl3.sty
Package: expl3 2025-03-26 L3 programming layer (loader) 

(/usr/local/texlive/2025/texmf-dist/tex/latex/l3backend/l3backend-pdftex.def
File: l3backend-pdftex.def 2025-03-14 L3 backend support: PDF output (pdfTeX)
\l__color_backend_stack_int=\count275
))
Package: xfp 2024-08-16 L3 Floating point unit
)
\c@DefaultLines=\count276
\c@DefaultDepth=\count277
\DefaultFindent=\dimen160
\DefaultNindent=\dimen161
\DefaultSlope=\dimen162
\DiscardVskip=\dimen163
\L@lettrine=\box54
\L@lbox=\box55
\L@tbox=\box56
\c@L@lines=\count278
\c@L@depth=\count279
\L@Pindent=\dimen164
\L@Findent=\dimen165
\L@Nindent=\dimen166
\L@lraise=\dimen167
\L@first=\dimen168
\L@next=\dimen169
\L@slope=\dimen170
\L@height=\dimen171
\L@novskip=\dimen172
\L@target@ht=\dimen173
\L@target@dp=\dimen174
\L@target@tht=\dimen175
\LettrineWidth=\dimen176
\LettrineHeight=\dimen177
\LettrineDepth=\dimen178
\L@finalht=\dimen179
\L@finaldp=\dimen180
Loading lettrine.cfg
(/usr/local/texlive/2025/texmf-dist/tex/latex/lettrine/lettrine.cfg)
\Lettrine@tweaks=\toks22
\Llist@everypar=\toks23
)
(/usr/local/texlive/2025/texmf-dist/tex/latex/fancyhdr/fancyhdr.sty
Package: fancyhdr 2025/02/07 v5.2 Extensive control of page headers and footers

\f@nch@headwidth=\skip53
\f@nch@offset@elh=\skip54
\f@nch@offset@erh=\skip55
\f@nch@offset@olh=\skip56
\f@nch@offset@orh=\skip57
\f@nch@offset@elf=\skip58
\f@nch@offset@erf=\skip59
\f@nch@offset@olf=\skip60
\f@nch@offset@orf=\skip61
\f@nch@height=\skip62
\f@nch@footalignment=\skip63
\f@nch@widthL=\skip64
\f@nch@widthC=\skip65
\f@nch@widthR=\skip66
\@temptokenb=\toks24
)
(/usr/local/texlive/2025/texmf-dist/tex/latex/emptypage/emptypage.sty
Package: emptypage 2010/05/30 v1.2 Suppress page numbers and headings on empty 
pages
)
(./[dot].aux (./chapters/c1.aux) (./chapters/c2.aux) (./chapters/c3.aux)
(./chapters/c4.aux) (./chapters/c5.aux) (./chapters/c6.aux) (./chapters/c7.aux)
(./chapters/c8.aux) (./chapters/c9.aux) (./chapters/c10.aux)
(./chapters/c11.aux) (./chapters/c12.aux) (./chapters/c13.aux)
(./chapters/c14.aux))
\openout1 = `[dot].aux'.

LaTeX Font Info:    Checking defaults for OML/cmm/m/it on input line 59.
LaTeX Font Info:    ... okay on input line 59.
LaTeX Font Info:    Checking defaults for OMS/cmsy/m/n on input line 59.
LaTeX Font Info:    ... okay on input line 59.
LaTeX Font Info:    Checking defaults for OT1/cmr/m/n on input line 59.
LaTeX Font Info:    ... okay on input line 59.
LaTeX Font Info:    Checking defaults for T1/cmr/m/n on input line 59.
LaTeX Font Info:    ... okay on input line 59.
LaTeX Font Info:    Checking defaults for TS1/cmr/m/n on input line 59.
LaTeX Font Info:    ... okay on input line 59.
LaTeX Font Info:    Checking defaults for OMX/cmex/m/n on input line 59.
LaTeX Font Info:    ... okay on input line 59.
LaTeX Font Info:    Checking defaults for U/cmr/m/n on input line 59.
LaTeX Font Info:    ... okay on input line 59.

*geometry* driver: auto-detecting
*geometry* detected driver: pdftex
*geometry* verbose mode - [ preamble ] result:
* driver: pdftex
* paper: custom
* layout: <same size as paper>
* layoutoffset:(h,v)=(0.0pt,0.0pt)
* modes: 
* h-part:(L,W,R)=(72.26999pt, 307.1475pt, 54.2025pt)
* v-part:(T,H,B)=(72.26999pt, 505.89001pt, 72.26999pt)
* \paperwidth=433.62pt
* \paperheight=650.43pt
* \textwidth=307.1475pt
* \textheight=505.89001pt
* \oddsidemargin=0.0pt
* \evensidemargin=0.0pt
* \topmargin=-31.8738pt
* \headheight=12.0pt
* \headsep=19.8738pt
* \topskip=12.0pt
* \footskip=30.0pt
* \marginparwidth=47.0pt
* \marginparsep=7.0pt
* \columnsep=10.0pt
* \skip\footins=10.8pt plus 4.0pt minus 2.0pt
* \hoffset=0.0pt
* \voffset=0.0pt
* \mag=1000
* \@twocolumnfalse
* \@twosidefalse
* \@mparswitchfalse
* \@reversemarginfalse
* (1in=72.27pt=25.4mm, 1cm=28.453pt)


LaTeX Font Warning: Font shape `T1/cmr/m/n' in size <72> not available
(Font)              size <35.83> substituted on input line 75.


LaTeX Font Warning: Font shape `T1/cmr/bx/n' in size <72> not available
(Font)              size <35.83> substituted on input line 75.



[1



{/usr/local/texlive/2025/texmf-var/fonts/map/pdftex/updmap/pdftex.map}{/usr/loc
al/texlive/2025/texmf-dist/fonts/enc/dvips/cm-super/cm-super-t1.enc}]
(./[dot].toc

[1


])
\tf@toc=\write3
\openout3 = `[dot].toc'.



[2]
\openout2 = `chapters/c1.aux'.

 (./chapters/c1.tex
Chapter 1.


[1




]

[2]

[3]
Overfull \hbox (9.17665pt too wide) in paragraph at lines 38--39
\T1/cmr/m/n/12 read some-thing, the city-girl con-fi-dence in the way she strai
ght-
 []



[4]

[5]

[6]
Overfull \hbox (23.4689pt too wide) in paragraph at lines 84--85
[]\T1/cmr/m/n/12 With that un-beat-able logic, the boys ex-changed glances^^Vth
en
 []



[7])

[8]

[9]
\openout2 = `chapters/c2.aux'.

 (./chapters/c2.tex
Chapter 2.


[10




]

[11]

[12]

[13]

[14]

[15]

[16])
Overfull \hbox (11.02571pt too wide) in paragraph at lines 18--100
\T1/cmr/m/n/12 pages, drift-ing in-stead into a tan-gle of thoughts. Sleep woul
dn't
 []



[17]

[18]
\openout2 = `chapters/c3.aux'.

 (./chapters/c3.tex
Chapter 3.


[19




]

[20]

[21])

[22]
\openout2 = `chapters/c4.aux'.

 (./chapters/c4.tex
Chapter 4.


[23




]

[24]

[25]

[26]

[27])

[28]
\openout2 = `chapters/c5.aux'.

 (./chapters/c5.tex
Chapter 5.


[29




]

[30]

[31]

[32])

[33]

[34]
\openout2 = `chapters/c6.aux'.

 (./chapters/c6.tex
Chapter 6.


[35




]

[36]

[37]

[38])

[39]
\openout2 = `chapters/c7.aux'.

 (./chapters/c7.tex
Chapter 7.


[40




]

[41]

[42])

[43]
\openout2 = `chapters/c8.aux'.

 (./chapters/c8.tex
Chapter 8.


[44




]

[45]

[46]

[47]

[48])

[49]
\openout2 = `chapters/c9.aux'.

 (./chapters/c9.tex
Chapter 9.


[50




]

[51]

[52]

[53]

[54]

[55]

[56]

[57]

[58])

[59]
\openout2 = `chapters/c10.aux'.

 (./chapters/c10.tex
Chapter 10.


[60




]

[61]

[62]

[63]
Overfull \hbox (29.49055pt too wide) in paragraph at lines 38--39
\T1/cmr/m/n/12 watching. When the bell fi-nally rang, the Tridev split apart^^V
Shiva
 []



[64]

[65])

[66]
\openout2 = `chapters/c11.aux'.

 (./chapters/c11.tex
Chapter 11.


[67




]

[68]

[69]
Overfull \hbox (10.54285pt too wide) in paragraph at lines 39--40
[]\T1/cmr/m/n/12 ``Well, con-grat-u-la-tions^^Vyou got the high-est marks in Ma
ths
 []



[70])

[71]
\openout2 = `chapters/c12.aux'.

 (./chapters/c12.tex
Chapter 12.


[72




]

[73]

[74]

[75]

[76])
Overfull \hbox (12.33084pt too wide) in paragraph at lines 120--110
[]\T1/cmr/m/n/12 Roshini burst out laugh-ing. ``Too bad you're not Rahul^^Vthe
 []


Overfull \hbox (3.91214pt too wide) in paragraph at lines 120--110
\T1/cmr/m/n/12 one Shahrukh plays. That en-trance only works in the movies.'' 
 []



[77]
\openout2 = `chapters/c13.aux'.

 (./chapters/c13.tex
Chapter 13.


[78




]
Overfull \hbox (11.66074pt too wide) in paragraph at lines 29--30
[]\T1/cmr/m/n/12 Shiva hur-ried to the nearby shop, bought a recharge coupon,
 []



[79]

[80]

[81]
Overfull \hbox (1.18002pt too wide) in paragraph at lines 99--100
[]\T1/cmr/m/n/12 ``Babu, I've left the tea on the ta-ble with some snacks^^Veat

 []



[82]

[83])

[84]
\openout2 = `chapters/c14.aux'.

 (./chapters/c14.tex
Chapter 14.
)

[85




] (./[dot].aux (./chapters/c1.aux) (./chapters/c2.aux) (./chapters/c3.aux)
(./chapters/c4.aux) (./chapters/c5.aux) (./chapters/c6.aux) (./chapters/c7.aux)
(./chapters/c8.aux) (./chapters/c9.aux) (./chapters/c10.aux)
(./chapters/c11.aux) (./chapters/c12.aux) (./chapters/c13.aux)
(./chapters/c14.aux))
 ***********
LaTeX2e <2024-11-01> patch level 2
L3 programming layer <2025-03-26>
 ***********


LaTeX Font Warning: Size substitutions with differences
(Font)              up to 36.17pt have occurred.

 ) 
Here is how much of TeX's memory you used:
 2635 strings out of 469626
 47248 string characters out of 5471010
 432118 words of memory out of 5000000
 29371 multiletter control sequences out of 15000+600000
 633208 words of font info for 49 fonts, out of 8000000 for 9000
 1141 hyphenation exceptions out of 8191
 73i,12n,77p,2388b,401s stack positions out of 10000i,1000n,20000p,200000b,200000s
</usr/local/texlive/2025/texmf-dist/fonts/type1/public/cm-super/sfbx1200.pfb>
</usr/local/texlive/2025/texmf-dist/fonts/type1/public/cm-super/sfbx1728.pfb></
usr/local/texlive/2025/texmf-dist/fonts/type1/public/cm-super/sfbx3583.pfb></us
r/local/texlive/2025/texmf-dist/fonts/type1/public/cm-super/sfrm1200.pfb></usr/
local/texlive/2025/texmf-dist/fonts/type1/public/cm-super/sfrm1728.pfb></usr/lo
cal/texlive/2025/texmf-dist/fonts/type1/public/cm-super/sfti1440.pfb>
Output written on [dot].pdf (88 pages, 218689 bytes).
PDF statistics:
 320 PDF objects out of 1000 (max. 8388607)
 215 compressed objects within 3 object streams
 0 named destinations out of 1000 (max. 500000)
 1 words of extra memory for PDF output out of 10000 (max. 10000000)

